<?xml version="1.0" encoding="utf-8"?><testsuites name="pytest tests"><testsuite name="pytest" errors="0" failures="0" skipped="0" tests="63" time="7.794" timestamp="2026-07-22T09:42:08.774993+00:00" hostname="agent-env-d4381787-b346-4455-940f-7f5d982fd7df"><testcase classname="tests.backend_test.TestTestimonials" name="test_list_seeded" time="0.222" /><testcase classname="tests.backend_test.TestUploads" name="test_upload_requires_auth" time="0.210" /><testcase classname="tests.backend_test.TestTestimonials" name="test_active_only_filter" time="0.902" /><testcase classname="tests.backend_test.TestUploads" name="test_upload_png_success_and_download_roundtrip" time="1.289" /><testcase classname="tests.backend_test.TestTestimonials" name="test_store_filter_inclusive" time="0.127" /><testcase classname="tests.backend_test.TestTestimonials" name="test_create_requires_auth" time="0.245" /><testcase classname="tests.backend_test.TestTestimonials" name="test_update_requires_auth" time="0.044" /><testcase classname="tests.backend_test.TestUploads" name="test_upload_allowed_types[jpeg-image/jpeg-.jpg]" time="0.826" /><testcase classname="tests.backend_test.TestTestimonials" name="test_delete_requires_auth" time="0.044" /><testcase classname="tests.backend_test.TestTestimonials" name="test_testimonial_crud_flow" time="0.884" /><testcase classname="tests.backend_test.TestUploads" name="test_upload_allowed_types[webp-image/webp-.webp]" time="0.841" /><testcase classname="tests.backend_test.TestAuth" name="test_login_success" time="0.524" /><testcase classname="tests.backend_test.TestAuth" name="test_login_wrong_password" time="0.392" /><testcase classname="tests.backend_test.TestUploads" name="test_upload_allowed_types[gif-image/gif-.gif]" time="0.729" /><testcase classname="tests.backend_test.TestAuth" name="test_login_unknown_email" time="0.194" /><testcase classname="tests.backend_test.TestAuth" name="test_me_without_token" time="0.044" /><testcase classname="tests.backend_test.TestAuth" name="test_me_with_token" time="0.044" /><testcase classname="tests.backend_test.TestAuth" name="test_me_with_bad_token" time="0.182" /><testcase classname="tests.backend_test.TestProducts" name="test_list_seeded" time="0.042" /><testcase classname="tests.backend_test.TestUploads" name="test_upload_rejects_text_plain" time="0.097" /><testcase classname="tests.backend_test.TestProducts" name="test_active_only_filter" time="0.213" /><testcase classname="tests.backend_test.TestUploads" name="test_upload_rejects_empty_file" time="0.106" /><testcase classname="tests.backend_test.TestUploads" name="test_upload_rejects_9mb_file" time="0.609" /><testcase classname="tests.backend_test.TestProducts" name="test_create_requires_auth" time="0.045" /><testcase classname="tests.backend_test.TestProducts" name="test_update_requires_auth" time="0.041" /><testcase classname="tests.backend_test.TestProducts" name="test_delete_requires_auth" time="0.041" /><testcase classname="tests.backend_test.TestProducts" name="test_product_crud_flow" time="0.379" /><testcase classname="tests.backend_test.TestOffers" name="test_list_seeded" time="0.043" /><testcase classname="tests.backend_test.TestOffers" name="test_active_only_filter" time="0.177" /><testcase classname="tests.backend_test.TestUploads" name="test_download_unknown_path_404" time="0.130" /><testcase classname="tests.backend_test.TestOffers" name="test_create_requires_auth" time="0.040" /><testcase classname="tests.backend_test.TestUploads" name="test_upload_records_db_metadata" time="0.406" /><testcase classname="tests.backend_test.TestOffers" name="test_update_requires_auth" time="0.042" /><testcase classname="tests.backend_test.TestOffers" name="test_delete_requires_auth" time="0.041" /><testcase classname="tests.backend_test.TestOffers" name="test_offer_crud_flow" time="0.499" /><testcase classname="tests.backend_test.TestInstagramPosts" name="test_list_seeded" time="0.044" /><testcase classname="tests.backend_test.TestInstagramPosts" name="test_active_only_filter" time="0.218" /><testcase classname="tests.backend_test.TestSiteContent" name="test_get_public_no_auth" time="0.046" /><testcase classname="tests.backend_test.TestSiteContent" name="test_patch_requires_auth" time="0.044" /><testcase classname="tests.backend_test.TestInstagramPosts" name="test_create_requires_auth" time="0.042" /><testcase classname="tests.backend_test.TestInstagramPosts" name="test_update_requires_auth" time="0.083" /><testcase classname="tests.backend_test.TestSiteContent" name="test_patch_updates_and_persists" time="0.214" /><testcase classname="tests.backend_test.TestInstagramPosts" name="test_delete_requires_auth" time="0.087" /><testcase classname="tests.backend_test.TestInstagramPosts" name="test_instagram_crud_flow" time="0.417" /><testcase classname="tests.backend_test.TestSiteContent" name="test_patch_partial_update" time="0.129" /><testcase classname="tests.backend_test.TestSiteContent" name="test_patch_empty_body_rejected" time="0.045" /><testcase classname="tests.backend_test.TestSiteContentBanner" name="test_get_returns_all_banner_fields" time="0.041" /><testcase classname="tests.backend_test.TestSiteContentBanner" name="test_patch_all_banner_fields" time="0.248" /><testcase classname="tests.backend_test.TestRevalidateEndpoint" name="test_get_hint" time="0.051" /><testcase classname="tests.backend_test.TestRevalidateEndpoint" name="test_post_no_auth_401" time="0.123" /><testcase classname="tests.backend_test.TestSiteContentBanner" name="test_patch_banner_partial_leaves_others_intact" time="0.130" /><testcase classname="tests.backend_test.TestRevalidateEndpoint" name="test_post_bad_bearer_401" time="0.218" /><testcase classname="tests.backend_test.TestSiteContentBanner" name="test_patch_banner_requires_auth" time="0.041" /><testcase classname="tests.backend_test.TestAnnouncements" name="test_list_seeded" time="0.043" /><testcase classname="tests.backend_test.TestAnnouncements" name="test_create_requires_auth" time="0.040" /><testcase classname="tests.backend_test.TestAnnouncements" name="test_announcement_crud_flow" time="0.222" /><testcase classname="tests.backend_test.TestRevalidateEndpoint" name="test_post_non_bearer_401" time="0.103" /><testcase classname="tests.backend_test.TestRevalidateEndpoint" name="test_post_admin_ok" time="0.203" /><testcase classname="tests.backend_test.TestHealth" name="test_service_ok" time="0.041" /><testcase classname="tests.backend_test.TestProductSeed" name="test_seeded_names" time="0.041" /><testcase classname="tests.backend_test.TestNewCollectionIndexes" name="test_order_indexes" time="0.061" /><testcase classname="tests.backend_test.TestAnnouncementSeed" name="test_fold8_present" time="0.045" /><testcase classname="tests.backend_test.TestMongoState" name="test_admin_seeded_and_indexes" time="0.004" /></testsuite></testsuites>