<?xml version="1.0" encoding="utf-8"?><testsuites name="pytest tests"><testsuite name="pytest" errors="0" failures="0" skipped="0" tests="53" time="5.064" timestamp="2026-07-22T07:00:30.957435+00:00" hostname="agent-env-d4381787-b346-4455-940f-7f5d982fd7df"><testcase classname="tests.backend_test.TestTestimonials" name="test_list_seeded" time="0.397" /><testcase classname="tests.backend_test.TestAuth" name="test_login_success" time="0.393" /><testcase classname="tests.backend_test.TestAuth" name="test_login_wrong_password" time="0.306" /><testcase classname="tests.backend_test.TestAuth" name="test_login_unknown_email" time="0.184" /><testcase classname="tests.backend_test.TestTestimonials" name="test_active_only_filter" time="0.921" /><testcase classname="tests.backend_test.TestAuth" name="test_me_without_token" time="0.040" /><testcase classname="tests.backend_test.TestAuth" name="test_me_with_token" time="0.388" /><testcase classname="tests.backend_test.TestAuth" name="test_me_with_bad_token" time="0.080" /><testcase classname="tests.backend_test.TestTestimonials" name="test_store_filter_inclusive" time="0.093" /><testcase classname="tests.backend_test.TestProducts" name="test_list_seeded" time="0.046" /><testcase classname="tests.backend_test.TestTestimonials" name="test_create_requires_auth" time="0.082" /><testcase classname="tests.backend_test.TestProducts" name="test_active_only_filter" time="0.170" /><testcase classname="tests.backend_test.TestTestimonials" name="test_update_requires_auth" time="0.042" /><testcase classname="tests.backend_test.TestTestimonials" name="test_delete_requires_auth" time="0.082" /><testcase classname="tests.backend_test.TestProducts" name="test_create_requires_auth" time="0.039" /><testcase classname="tests.backend_test.TestTestimonials" name="test_testimonial_crud_flow" time="0.457" /><testcase classname="tests.backend_test.TestProducts" name="test_update_requires_auth" time="0.040" /><testcase classname="tests.backend_test.TestProducts" name="test_delete_requires_auth" time="0.043" /><testcase classname="tests.backend_test.TestProducts" name="test_product_crud_flow" time="0.424" /><testcase classname="tests.backend_test.TestOffers" name="test_list_seeded" time="0.042" /><testcase classname="tests.backend_test.TestOffers" name="test_active_only_filter" time="0.259" /><testcase classname="tests.backend_test.TestInstagramPosts" name="test_list_seeded" time="0.042" /><testcase classname="tests.backend_test.TestInstagramPosts" name="test_active_only_filter" time="0.169" /><testcase classname="tests.backend_test.TestInstagramPosts" name="test_create_requires_auth" time="0.084" /><testcase classname="tests.backend_test.TestOffers" name="test_create_requires_auth" time="0.042" /><testcase classname="tests.backend_test.TestOffers" name="test_update_requires_auth" time="0.042" /><testcase classname="tests.backend_test.TestInstagramPosts" name="test_update_requires_auth" time="0.080" /><testcase classname="tests.backend_test.TestOffers" name="test_delete_requires_auth" time="0.041" /><testcase classname="tests.backend_test.TestOffers" name="test_offer_crud_flow" time="0.454" /><testcase classname="tests.backend_test.TestInstagramPosts" name="test_delete_requires_auth" time="0.041" /><testcase classname="tests.backend_test.TestInstagramPosts" name="test_instagram_crud_flow" time="0.409" /><testcase classname="tests.backend_test.TestSiteContent" name="test_get_public_no_auth" time="0.084" /><testcase classname="tests.backend_test.TestRevalidateEndpoint" name="test_get_hint" time="0.048" /><testcase classname="tests.backend_test.TestRevalidateEndpoint" name="test_post_no_auth_401" time="0.112" /><testcase classname="tests.backend_test.TestSiteContent" name="test_patch_requires_auth" time="0.042" /><testcase classname="tests.backend_test.TestSiteContent" name="test_patch_updates_and_persists" time="0.217" /><testcase classname="tests.backend_test.TestRevalidateEndpoint" name="test_post_bad_bearer_401" time="0.204" /><testcase classname="tests.backend_test.TestSiteContent" name="test_patch_partial_update" time="0.170" /><testcase classname="tests.backend_test.TestRevalidateEndpoint" name="test_post_non_bearer_401" time="0.096" /><testcase classname="tests.backend_test.TestRevalidateEndpoint" name="test_post_admin_ok" time="0.187" /><testcase classname="tests.backend_test.TestSiteContent" name="test_patch_empty_body_rejected" time="0.072" /><testcase classname="tests.backend_test.TestSiteContentBanner" name="test_get_returns_all_banner_fields" time="0.045" /><testcase classname="tests.backend_test.TestSiteContentBanner" name="test_patch_all_banner_fields" time="0.260" /><testcase classname="tests.backend_test.TestAnnouncements" name="test_list_seeded" time="0.042" /><testcase classname="tests.backend_test.TestAnnouncements" name="test_create_requires_auth" time="0.042" /><testcase classname="tests.backend_test.TestAnnouncements" name="test_announcement_crud_flow" time="0.256" /><testcase classname="tests.backend_test.TestSiteContentBanner" name="test_patch_banner_partial_leaves_others_intact" time="0.171" /><testcase classname="tests.backend_test.TestHealth" name="test_service_ok" time="0.040" /><testcase classname="tests.backend_test.TestProductSeed" name="test_seeded_names" time="0.041" /><testcase classname="tests.backend_test.TestSiteContentBanner" name="test_patch_banner_requires_auth" time="0.041" /><testcase classname="tests.backend_test.TestMongoState" name="test_admin_seeded_and_indexes" time="0.074" /><testcase classname="tests.backend_test.TestAnnouncementSeed" name="test_fold8_present" time="0.043" /><testcase classname="tests.backend_test.TestNewCollectionIndexes" name="test_order_indexes" time="0.005" /></testsuite></testsuites>